<?xml version="1.0" encoding="UTF-8"?>
<!-- Generated by org.testng.reporters.JUnitXMLReporter -->
<testsuite ignored="0" hostname="DESKTOP-PP8RICL" failures="0" tests="3" name="Test" time="36.78" errors="0" timestamp="2024-09-16T17:18:38 BDT">
  <testcase classname="testCases.TC001_LogoDisplayTest" name="verifyDisplay" time="0.073"/>
  <testcase classname="testCases.TC002_SearchProduct" name="verify_search" time="0.358"/>
  <testcase classname="testCases.TC003_LoginTest" name="verify_Loginbtn" time="0.541"/>
</testsuite> <!-- Test -->
