<?xml version="1.0" encoding="UTF-8"?>
<testng-results ignored="0" total="3" passed="3" failed="0" skipped="0">
  <reporter-output>
  </reporter-output>
  <suite started-at="2024-09-13T01:25:10 BDT" name="Master Suite" finished-at="2024-09-13T01:26:37 BDT" duration-ms="86819">
    <groups>
    </groups>
    <test started-at="2024-09-13T01:25:10 BDT" name="Test" finished-at="2024-09-13T01:26:37 BDT" duration-ms="86819">
      <class name="testCases.TC003_LoginTest">
        <test-method is-config="true" signature="setup(java.lang.String,java.lang.String)[pri:0, instance:testCases.TC003_LoginTest@160ac7fb]" started-at="2024-09-13T01:26:08 BDT" name="setup" finished-at="2024-09-13T01:26:36 BDT" duration-ms="28033" status="PASS">
          <params>
            <param index="0">
              <value>
                <![CDATA[Windows]]>
              </value>
            </param>
            <param index="1">
              <value>
                <![CDATA[chrome]]>
              </value>
            </param>
          </params>
          <reporter-output>
          </reporter-output>
        </test-method> <!-- setup -->
        <test-method signature="verify_Loginbtn()[pri:0, instance:testCases.TC003_LoginTest@160ac7fb]" started-at="2024-09-13T01:26:36 BDT" name="verify_Loginbtn" finished-at="2024-09-13T01:26:37 BDT" duration-ms="822" status="PASS">
          <reporter-output>
          </reporter-output>
        </test-method> <!-- verify_Loginbtn -->
        <test-method is-config="true" signature="tearDown()[pri:0, instance:testCases.TC003_LoginTest@160ac7fb]" started-at="2024-09-13T01:26:37 BDT" name="tearDown" finished-at="2024-09-13T01:26:37 BDT" duration-ms="149" status="PASS">
          <reporter-output>
          </reporter-output>
        </test-method> <!-- tearDown -->
      </class> <!-- testCases.TC003_LoginTest -->
      <class name="testCases.TC002_SearchProduct">
        <test-method is-config="true" signature="setup(java.lang.String,java.lang.String)[pri:0, instance:testCases.TC002_SearchProduct@3dddefd8]" started-at="2024-09-13T01:25:39 BDT" name="setup" finished-at="2024-09-13T01:26:07 BDT" duration-ms="28298" status="PASS">
          <params>
            <param index="0">
              <value>
                <![CDATA[Windows]]>
              </value>
            </param>
            <param index="1">
              <value>
                <![CDATA[chrome]]>
              </value>
            </param>
          </params>
          <reporter-output>
          </reporter-output>
        </test-method> <!-- setup -->
        <test-method signature="verify_search()[pri:0, instance:testCases.TC002_SearchProduct@3dddefd8]" started-at="2024-09-13T01:26:07 BDT" name="verify_search" finished-at="2024-09-13T01:26:08 BDT" duration-ms="369" status="PASS">
          <reporter-output>
          </reporter-output>
        </test-method> <!-- verify_search -->
        <test-method is-config="true" signature="tearDown()[pri:0, instance:testCases.TC002_SearchProduct@3dddefd8]" started-at="2024-09-13T01:26:08 BDT" name="tearDown" finished-at="2024-09-13T01:26:08 BDT" duration-ms="200" status="PASS">
          <reporter-output>
          </reporter-output>
        </test-method> <!-- tearDown -->
      </class> <!-- testCases.TC002_SearchProduct -->
      <class name="testCases.TC001_LogoDisplayTest">
        <test-method is-config="true" signature="setup(java.lang.String,java.lang.String)[pri:0, instance:testCases.TC001_LogoDisplayTest@749c877b]" started-at="2024-09-13T01:25:10 BDT" name="setup" finished-at="2024-09-13T01:25:39 BDT" duration-ms="28549" status="PASS">
          <params>
            <param index="0">
              <value>
                <![CDATA[Windows]]>
              </value>
            </param>
            <param index="1">
              <value>
                <![CDATA[chrome]]>
              </value>
            </param>
          </params>
          <reporter-output>
          </reporter-output>
        </test-method> <!-- setup -->
        <test-method signature="verifyDisplay()[pri:0, instance:testCases.TC001_LogoDisplayTest@749c877b]" started-at="2024-09-13T01:25:39 BDT" name="verifyDisplay" finished-at="2024-09-13T01:25:39 BDT" duration-ms="130" status="PASS">
          <reporter-output>
          </reporter-output>
        </test-method> <!-- verifyDisplay -->
        <test-method is-config="true" signature="tearDown()[pri:0, instance:testCases.TC001_LogoDisplayTest@749c877b]" started-at="2024-09-13T01:25:39 BDT" name="tearDown" finished-at="2024-09-13T01:25:39 BDT" duration-ms="187" status="PASS">
          <reporter-output>
          </reporter-output>
        </test-method> <!-- tearDown -->
      </class> <!-- testCases.TC001_LogoDisplayTest -->
    </test> <!-- Test -->
  </suite> <!-- Master Suite -->
</testng-results>
